<?xml version="1.0" encoding="UTF-8"?>
<!-- Generated by org.testng.reporters.JUnitReportReporter -->
<testsuite skipped="0" hostname="macb-mariao.observeit-sys.local" name="tests.unit.UnitTest" tests="4" failures="0" timestamp="2020-02-12T16:26:55 IST" time="0.011" errors="0">
  <testcase name="testGetValidateRequestInvalid" time="0.000" classname="tests.unit.UnitTest"/>
  <testcase name="testGet_returnsNotNull" time="0.000" classname="tests.unit.UnitTest"/>
  <testcase name="testGet_returnsNull" time="0.001" classname="tests.unit.UnitTest"/>
  <testcase name="testGetValidateRequest" time="0.010" classname="tests.unit.UnitTest"/>
</testsuite> <!-- tests.unit.UnitTest -->
