<?xml version="1.0" encoding="UTF-8"?>
<!-- Generated by org.testng.reporters.JUnitReportReporter -->
<testsuite skipped="0" hostname="macb-mariao.observeit-sys.local" name="tests.api.ApiTest" tests="6" failures="0" timestamp="2020-02-12T16:26:55 IST" time="1.415" errors="0">
  <testcase name="testListNearest_ShouldBeNotNull" time="0.093" classname="tests.api.ApiTest"/>
  <testcase name="testGet_InvalidInput" time="0.074" classname="tests.api.ApiTest"/>
  <testcase name="restAssured_TestPostRequest" time="0.888" classname="tests.api.ApiTest"/>
  <testcase name="testValidRequest_InValidInput" time="0.085" classname="tests.api.ApiTest"/>
  <testcase name="testGetRequest_ValidInputEntityShouldNotBeNull" time="0.195" classname="tests.api.ApiTest"/>
  <testcase name="testValidRequest_ValidInput" time="0.080" classname="tests.api.ApiTest"/>
</testsuite> <!-- tests.api.ApiTest -->
